{"/home/krishnapriya/Desktop/node_tut_new/src/app1.ts": {"path":"/home/krishnapriya/Desktop/node_tut_new/src/app1.ts","statementMap":{"0":{"start":{"line":51,"column":0},"end":{"line":51,"column":30}},"1":{"start":{"line":53,"column":0},"end":{"line":53,"column":61}},"2":{"start":{"line":54,"column":0},"end":{"line":54,"column":37}},"3":{"start":{"line":56,"column":0},"end":{"line":56,"column":45}},"4":{"start":{"line":57,"column":0},"end":{"line":57,"column":54}},"5":{"start":{"line":59,"column":0},"end":{"line":59,"column":60}},"6":{"start":{"line":64,"column":15},"end":{"line":64,"column":24}},"7":{"start":{"line":65,"column":0},"end":{"line":65,"column":30}},"8":{"start":{"line":66,"column":0},"end":{"line":66,"column":29}},"9":{"start":{"line":67,"column":0},"end":{"line":67,"column":41}},"10":{"start":{"line":69,"column":0},"end":{"line":69,"column":28}},"11":{"start":{"line":76,"column":0},"end":{"line":86,"column":5}},"12":{"start":{"line":76,"column":12},"end":{"line":86,"column":2}},"13":{"start":{"line":77,"column":2},"end":{"line":82,"column":3}},"14":{"start":{"line":78,"column":4},"end":{"line":78,"column":34}},"15":{"start":{"line":80,"column":4},"end":{"line":80,"column":29}},"16":{"start":{"line":81,"column":4},"end":{"line":81,"column":20}},"17":{"start":{"line":83,"column":2},"end":{"line":85,"column":5}},"18":{"start":{"line":84,"column":4},"end":{"line":84,"column":44}}},"fnMap":{"0":{"name":"(anonymous_8)","decl":{"start":{"line":76,"column":1},"end":{"line":76,"column":10}},"loc":{"start":{"line":76,"column":12},"end":{"line":86,"column":2}}},"1":{"name":"(anonymous_9)","decl":{"start":{"line":76,"column":12},"end":{"line":76,"column":null}},"loc":{"start":{"line":76,"column":12},"end":{"line":86,"column":1}}},"2":{"name":"(anonymous_10)","decl":{"start":{"line":83,"column":22},"end":{"line":83,"column":25}},"loc":{"start":{"line":83,"column":27},"end":{"line":85,"column":3}}}},"branchMap":{},"s":{"0":0,"1":0,"2":0,"3":0,"4":0,"5":0,"6":0,"7":0,"8":0,"9":0,"10":0,"11":0,"12":0,"13":0,"14":0,"15":0,"16":0,"17":0,"18":0},"f":{"0":0,"1":0,"2":0},"b":{}}
,"/home/krishnapriya/Desktop/node_tut_new/src/controller/employee.controller.ts": {"path":"/home/krishnapriya/Desktop/node_tut_new/src/controller/employee.controller.ts","statementMap":{"0":{"start":{"line":1,"column":0},"end":{"line":1,"column":52}},"1":{"start":{"line":2,"column":0},"end":{"line":2,"column":58}},"2":{"start":{"line":4,"column":0},"end":{"line":4,"column":48}},"3":{"start":{"line":5,"column":0},"end":{"line":5,"column":43}},"4":{"start":{"line":6,"column":0},"end":{"line":6,"column":53}},"5":{"start":{"line":8,"column":0},"end":{"line":8,"column":63}},"6":{"start":{"line":10,"column":0},"end":{"line":10,"column":42}},"7":{"start":{"line":16,"column":22},"end":{"line":16,"column":54}},"8":{"start":{"line":35,"column":9},"end":{"line":47,"column":4}},"9":{"start":{"line":39,"column":6},"end":{"line":47,"column":4}},"10":{"start":{"line":40,"column":32},"end":{"line":40,"column":40}},"11":{"start":{"line":41,"column":4},"end":{"line":46,"column":5}},"12":{"start":{"line":42,"column":20},"end":{"line":42,"column":77}},"13":{"start":{"line":43,"column":6},"end":{"line":43,"column":44}},"14":{"start":{"line":45,"column":6},"end":{"line":45,"column":18}},"15":{"start":{"line":49,"column":9},"end":{"line":56,"column":4}},"16":{"start":{"line":53,"column":6},"end":{"line":56,"column":4}},"17":{"start":{"line":54,"column":22},"end":{"line":54,"column":66}},"18":{"start":{"line":55,"column":4},"end":{"line":55,"column":36}},"19":{"start":{"line":58,"column":9},"end":{"line":79,"column":4}},"20":{"start":{"line":62,"column":6},"end":{"line":79,"column":4}},"21":{"start":{"line":63,"column":4},"end":{"line":78,"column":5}},"22":{"start":{"line":64,"column":25},"end":{"line":64,"column":46}},"23":{"start":{"line":65,"column":23},"end":{"line":65,"column":77}},"24":{"start":{"line":67,"column":6},"end":{"line":73,"column":7}},"25":{"start":{"line":68,"column":22},"end":{"line":70,"column":null}},"26":{"start":{"line":72,"column":8},"end":{"line":72,"column":20}},"27":{"start":{"line":75,"column":6},"end":{"line":75,"column":37}},"28":{"start":{"line":77,"column":6},"end":{"line":77,"column":16}},"29":{"start":{"line":81,"column":9},"end":{"line":114,"column":4}},"30":{"start":{"line":85,"column":6},"end":{"line":114,"column":4}},"31":{"start":{"line":86,"column":4},"end":{"line":113,"column":5}},"32":{"start":{"line":88,"column":19},"end":{"line":88,"column":27}},"33":{"start":{"line":89,"column":6},"end":{"line":91,"column":7}},"34":{"start":{"line":90,"column":8},"end":{"line":90,"column":82}},"35":{"start":{"line":93,"column":27},"end":{"line":93,"column":68}},"36":{"start":{"line":94,"column":21},"end":{"line":94,"column":49}},"37":{"start":{"line":96,"column":6},"end":{"line":99,"column":7}},"38":{"start":{"line":97,"column":8},"end":{"line":97,"column":44}},"39":{"start":{"line":98,"column":8},"end":{"line":98,"column":61}},"40":{"start":{"line":101,"column":23},"end":{"line":107,"column":null}},"41":{"start":{"line":110,"column":6},"end":{"line":110,"column":37}},"42":{"start":{"line":112,"column":6},"end":{"line":112,"column":16}},"43":{"start":{"line":115,"column":9},"end":{"line":146,"column":4}},"44":{"start":{"line":119,"column":6},"end":{"line":146,"column":4}},"45":{"start":{"line":120,"column":4},"end":{"line":145,"column":5}},"46":{"start":{"line":121,"column":27},"end":{"line":121,"column":68}},"47":{"start":{"line":122,"column":21},"end":{"line":122,"column":49}},"48":{"start":{"line":123,"column":25},"end":{"line":123,"column":46}},"49":{"start":{"line":129,"column":6},"end":{"line":132,"column":7}},"50":{"start":{"line":130,"column":8},"end":{"line":130,"column":44}},"51":{"start":{"line":131,"column":8},"end":{"line":131,"column":61}},"52":{"start":{"line":133,"column":23},"end":{"line":140,"column":null}},"53":{"start":{"line":142,"column":6},"end":{"line":142,"column":37}},"54":{"start":{"line":144,"column":6},"end":{"line":144,"column":16}},"55":{"start":{"line":148,"column":9},"end":{"line":172,"column":4}},"56":{"start":{"line":152,"column":6},"end":{"line":172,"column":4}},"57":{"start":{"line":153,"column":4},"end":{"line":171,"column":5}},"58":{"start":{"line":154,"column":25},"end":{"line":154,"column":46}},"59":{"start":{"line":156,"column":24},"end":{"line":156,"column":78}},"60":{"start":{"line":158,"column":6},"end":{"line":164,"column":7}},"61":{"start":{"line":159,"column":22},"end":{"line":161,"column":null}},"62":{"start":{"line":163,"column":8},"end":{"line":163,"column":20}},"63":{"start":{"line":166,"column":23},"end":{"line":166,"column":76}},"64":{"start":{"line":168,"column":6},"end":{"line":168,"column":29}},"65":{"start":{"line":170,"column":6},"end":{"line":170,"column":16}},"66":{"start":{"line":17,"column":4},"end":{"line":17,"column":35}},"67":{"start":{"line":19,"column":4},"end":{"line":19,"column":51}},"68":{"start":{"line":21,"column":4},"end":{"line":21,"column":58}},"69":{"start":{"line":22,"column":4},"end":{"line":22,"column":62}},"70":{"start":{"line":24,"column":4},"end":{"line":24,"column":58}},"71":{"start":{"line":26,"column":4},"end":{"line":26,"column":60}},"72":{"start":{"line":27,"column":4},"end":{"line":27,"column":63}},"73":{"start":{"line":175,"column":0},"end":{"line":175,"column":34}}},"fnMap":{"0":{"name":"(anonymous_8)","decl":{"start":{"line":16,"column":2},"end":{"line":16,"column":22}},"loc":{"start":{"line":16,"column":54},"end":{"line":28,"column":3}}},"1":{"name":"(anonymous_9)","decl":{"start":{"line":35,"column":25},"end":{"line":35,"column":null}},"loc":{"start":{"line":39,"column":6},"end":{"line":47,"column":4}}},"2":{"name":"(anonymous_10)","decl":{"start":{"line":39,"column":6},"end":{"line":39,"column":null}},"loc":{"start":{"line":39,"column":6},"end":{"line":47,"column":3}}},"3":{"name":"(anonymous_11)","decl":{"start":{"line":49,"column":27},"end":{"line":49,"column":null}},"loc":{"start":{"line":53,"column":6},"end":{"line":56,"column":4}}},"4":{"name":"(anonymous_12)","decl":{"start":{"line":53,"column":6},"end":{"line":53,"column":null}},"loc":{"start":{"line":53,"column":6},"end":{"line":56,"column":3}}},"5":{"name":"(anonymous_13)","decl":{"start":{"line":58,"column":28},"end":{"line":58,"column":null}},"loc":{"start":{"line":62,"column":6},"end":{"line":79,"column":4}}},"6":{"name":"(anonymous_14)","decl":{"start":{"line":62,"column":6},"end":{"line":62,"column":null}},"loc":{"start":{"line":62,"column":6},"end":{"line":79,"column":3}}},"7":{"name":"(anonymous_15)","decl":{"start":{"line":81,"column":26},"end":{"line":81,"column":null}},"loc":{"start":{"line":85,"column":6},"end":{"line":114,"column":4}}},"8":{"name":"(anonymous_16)","decl":{"start":{"line":85,"column":6},"end":{"line":85,"column":null}},"loc":{"start":{"line":85,"column":6},"end":{"line":114,"column":3}}},"9":{"name":"(anonymous_17)","decl":{"start":{"line":115,"column":26},"end":{"line":115,"column":null}},"loc":{"start":{"line":119,"column":6},"end":{"line":146,"column":4}}},"10":{"name":"(anonymous_18)","decl":{"start":{"line":119,"column":6},"end":{"line":119,"column":null}},"loc":{"start":{"line":119,"column":6},"end":{"line":146,"column":3}}},"11":{"name":"(anonymous_19)","decl":{"start":{"line":148,"column":26},"end":{"line":148,"column":null}},"loc":{"start":{"line":152,"column":6},"end":{"line":172,"column":4}}},"12":{"name":"(anonymous_20)","decl":{"start":{"line":152,"column":6},"end":{"line":152,"column":null}},"loc":{"start":{"line":152,"column":6},"end":{"line":172,"column":3}}}},"branchMap":{"0":{"loc":{"start":{"line":67,"column":6},"end":{"line":73,"column":7}},"type":"if","locations":[{"start":{"line":67,"column":6},"end":{"line":73,"column":7}}]},"1":{"loc":{"start":{"line":89,"column":6},"end":{"line":91,"column":7}},"type":"if","locations":[{"start":{"line":89,"column":6},"end":{"line":91,"column":7}}]},"2":{"loc":{"start":{"line":96,"column":6},"end":{"line":99,"column":7}},"type":"if","locations":[{"start":{"line":96,"column":6},"end":{"line":99,"column":7}}]},"3":{"loc":{"start":{"line":129,"column":6},"end":{"line":132,"column":7}},"type":"if","locations":[{"start":{"line":129,"column":6},"end":{"line":132,"column":7}}]},"4":{"loc":{"start":{"line":158,"column":6},"end":{"line":164,"column":7}},"type":"if","locations":[{"start":{"line":158,"column":6},"end":{"line":164,"column":7}}]}},"s":{"0":0,"1":0,"2":0,"3":0,"4":0,"5":0,"6":0,"7":0,"8":0,"9":0,"10":0,"11":0,"12":0,"13":0,"14":0,"15":0,"16":0,"17":0,"18":0,"19":0,"20":0,"21":0,"22":0,"23":0,"24":0,"25":0,"26":0,"27":0,"28":0,"29":0,"30":0,"31":0,"32":0,"33":0,"34":0,"35":0,"36":0,"37":0,"38":0,"39":0,"40":0,"41":0,"42":0,"43":0,"44":0,"45":0,"46":0,"47":0,"48":0,"49":0,"50":0,"51":0,"52":0,"53":0,"54":0,"55":0,"56":0,"57":0,"58":0,"59":0,"60":0,"61":0,"62":0,"63":0,"64":0,"65":0,"66":0,"67":0,"68":0,"69":0,"70":0,"71":0,"72":0,"73":0},"f":{"0":0,"1":0,"2":0,"3":0,"4":0,"5":0,"6":0,"7":0,"8":0,"9":0,"10":0,"11":0,"12":0},"b":{"0":[0],"1":[0],"2":[0],"3":[0],"4":[0]}}
,"/home/krishnapriya/Desktop/node_tut_new/src/db/data-source.db.ts": {"path":"/home/krishnapriya/Desktop/node_tut_new/src/db/data-source.db.ts","statementMap":{"0":{"start":{"line":1,"column":0},"end":{"line":1,"column":26}},"1":{"start":{"line":2,"column":0},"end":{"line":2,"column":37}},"2":{"start":{"line":3,"column":0},"end":{"line":3,"column":64}},"3":{"start":{"line":7,"column":19},"end":{"line":20,"column":2}},"4":{"start":{"line":22,"column":0},"end":{"line":22,"column":26}}},"fnMap":{},"branchMap":{},"s":{"0":0,"1":0,"2":0,"3":0,"4":0},"f":{},"b":{}}
,"/home/krishnapriya/Desktop/node_tut_new/src/db/migrations/1720084031576-create-employee.ts": {"path":"/home/krishnapriya/Desktop/node_tut_new/src/db/migrations/1720084031576-create-employee.ts","statementMap":{"0":{"start":{"line":4,"column":4},"end":{"line":4,"column":null}},"1":{"start":{"line":7,"column":8},"end":{"line":7,"column":335}},"2":{"start":{"line":11,"column":8},"end":{"line":11,"column":57}},"3":{"start":{"line":3,"column":0},"end":{"line":3,"column":13}}},"fnMap":{"0":{"name":"(anonymous_7)","decl":{"start":{"line":3,"column":0},"end":{"line":3,"column":13}},"loc":{"start":{"line":3,"column":0},"end":{"line":14,"column":1}}},"1":{"name":"(anonymous_8)","decl":{"start":{"line":6,"column":17},"end":{"line":6,"column":19}},"loc":{"start":{"line":6,"column":44},"end":{"line":8,"column":null}}},"2":{"name":"(anonymous_10)","decl":{"start":{"line":10,"column":17},"end":{"line":10,"column":21}},"loc":{"start":{"line":10,"column":46},"end":{"line":12,"column":null}}}},"branchMap":{},"s":{"0":0,"1":0,"2":0,"3":0},"f":{"0":0,"1":0,"2":0},"b":{}}
,"/home/krishnapriya/Desktop/node_tut_new/src/db/migrations/1720084552565-add-age-column.ts": {"path":"/home/krishnapriya/Desktop/node_tut_new/src/db/migrations/1720084552565-add-age-column.ts","statementMap":{"0":{"start":{"line":4,"column":4},"end":{"line":4,"column":null}},"1":{"start":{"line":7,"column":8},"end":{"line":7,"column":85}},"2":{"start":{"line":11,"column":8},"end":{"line":11,"column":76}},"3":{"start":{"line":3,"column":0},"end":{"line":3,"column":13}}},"fnMap":{"0":{"name":"(anonymous_7)","decl":{"start":{"line":3,"column":0},"end":{"line":3,"column":13}},"loc":{"start":{"line":3,"column":0},"end":{"line":14,"column":1}}},"1":{"name":"(anonymous_8)","decl":{"start":{"line":6,"column":17},"end":{"line":6,"column":19}},"loc":{"start":{"line":6,"column":44},"end":{"line":8,"column":null}}},"2":{"name":"(anonymous_10)","decl":{"start":{"line":10,"column":17},"end":{"line":10,"column":21}},"loc":{"start":{"line":10,"column":46},"end":{"line":12,"column":null}}}},"branchMap":{},"s":{"0":0,"1":0,"2":0,"3":0},"f":{"0":0,"1":0,"2":0},"b":{}}
,"/home/krishnapriya/Desktop/node_tut_new/src/db/migrations/1720090427344-add_table_address.ts": {"path":"/home/krishnapriya/Desktop/node_tut_new/src/db/migrations/1720090427344-add_table_address.ts","statementMap":{"0":{"start":{"line":4,"column":4},"end":{"line":4,"column":null}},"1":{"start":{"line":7,"column":8},"end":{"line":7,"column":428}},"2":{"start":{"line":8,"column":8},"end":{"line":8,"column":201}},"3":{"start":{"line":12,"column":8},"end":{"line":12,"column":106}},"4":{"start":{"line":13,"column":8},"end":{"line":13,"column":56}},"5":{"start":{"line":3,"column":0},"end":{"line":3,"column":13}}},"fnMap":{"0":{"name":"(anonymous_7)","decl":{"start":{"line":3,"column":0},"end":{"line":3,"column":13}},"loc":{"start":{"line":3,"column":0},"end":{"line":16,"column":1}}},"1":{"name":"(anonymous_8)","decl":{"start":{"line":6,"column":17},"end":{"line":6,"column":19}},"loc":{"start":{"line":6,"column":44},"end":{"line":9,"column":null}}},"2":{"name":"(anonymous_10)","decl":{"start":{"line":11,"column":17},"end":{"line":11,"column":21}},"loc":{"start":{"line":11,"column":46},"end":{"line":14,"column":null}}}},"branchMap":{},"s":{"0":0,"1":0,"2":0,"3":0,"4":0,"5":0},"f":{"0":0,"1":0,"2":0},"b":{}}
,"/home/krishnapriya/Desktop/node_tut_new/src/db/migrations/1720156878700-add_password_role.ts": {"path":"/home/krishnapriya/Desktop/node_tut_new/src/db/migrations/1720156878700-add_password_role.ts","statementMap":{"0":{"start":{"line":4,"column":4},"end":{"line":4,"column":null}},"1":{"start":{"line":7,"column":8},"end":{"line":7,"column":91}},"2":{"start":{"line":8,"column":8},"end":{"line":8,"column":87}},"3":{"start":{"line":12,"column":8},"end":{"line":12,"column":77}},"4":{"start":{"line":13,"column":8},"end":{"line":13,"column":81}},"5":{"start":{"line":3,"column":0},"end":{"line":3,"column":13}}},"fnMap":{"0":{"name":"(anonymous_7)","decl":{"start":{"line":3,"column":0},"end":{"line":3,"column":13}},"loc":{"start":{"line":3,"column":0},"end":{"line":16,"column":1}}},"1":{"name":"(anonymous_8)","decl":{"start":{"line":6,"column":17},"end":{"line":6,"column":19}},"loc":{"start":{"line":6,"column":44},"end":{"line":9,"column":null}}},"2":{"name":"(anonymous_10)","decl":{"start":{"line":11,"column":17},"end":{"line":11,"column":21}},"loc":{"start":{"line":11,"column":46},"end":{"line":14,"column":null}}}},"branchMap":{},"s":{"0":0,"1":0,"2":0,"3":0,"4":0,"5":0},"f":{"0":0,"1":0,"2":0},"b":{}}
,"/home/krishnapriya/Desktop/node_tut_new/src/dto/address.dto.ts": {"path":"/home/krishnapriya/Desktop/node_tut_new/src/dto/address.dto.ts","statementMap":{"0":{"start":{"line":1,"column":0},"end":{"line":1,"column":55}},"1":{"start":{"line":3,"column":0},"end":{"line":3,"column":13}},"2":{"start":{"line":6,"column":4},"end":{"line":6,"column":null}},"3":{"start":{"line":10,"column":4},"end":{"line":10,"column":null}}},"fnMap":{},"branchMap":{},"s":{"0":0,"1":0,"2":0,"3":0},"f":{},"b":{}}
,"/home/krishnapriya/Desktop/node_tut_new/src/dto/employee.dto.ts": {"path":"/home/krishnapriya/Desktop/node_tut_new/src/dto/employee.dto.ts","statementMap":{"0":{"start":{"line":1,"column":0},"end":{"line":1,"column":97}},"1":{"start":{"line":2,"column":0},"end":{"line":2,"column":46}},"2":{"start":{"line":3,"column":0},"end":{"line":3,"column":40}},"3":{"start":{"line":4,"column":0},"end":{"line":4,"column":45}},"4":{"start":{"line":5,"column":0},"end":{"line":5,"column":41}},"5":{"start":{"line":7,"column":0},"end":{"line":7,"column":13}},"6":{"start":{"line":10,"column":4},"end":{"line":10,"column":null}},"7":{"start":{"line":15,"column":4},"end":{"line":15,"column":null}},"8":{"start":{"line":19,"column":4},"end":{"line":19,"column":null}},"9":{"start":{"line":24,"column":4},"end":{"line":24,"column":null}},"10":{"start":{"line":23,"column":14},"end":{"line":23,"column":27}},"11":{"start":{"line":28,"column":4},"end":{"line":28,"column":null}},"12":{"start":{"line":32,"column":4},"end":{"line":32,"column":null}}},"fnMap":{"0":{"name":"(anonymous_3)","decl":{"start":{"line":23,"column":10},"end":{"line":23,"column":12}},"loc":{"start":{"line":23,"column":14},"end":{"line":23,"column":27}}}},"branchMap":{},"s":{"0":0,"1":0,"2":0,"3":0,"4":0,"5":0,"6":0,"7":0,"8":0,"9":0,"10":0,"11":0,"12":0},"f":{"0":0},"b":{}}
,"/home/krishnapriya/Desktop/node_tut_new/src/entity/abstract.entity.ts": {"path":"/home/krishnapriya/Desktop/node_tut_new/src/entity/abstract.entity.ts","statementMap":{"0":{"start":{"line":1,"column":0},"end":{"line":1,"column":103}},"1":{"start":{"line":5,"column":4},"end":{"line":5,"column":null}},"2":{"start":{"line":8,"column":4},"end":{"line":8,"column":null}},"3":{"start":{"line":11,"column":4},"end":{"line":11,"column":null}},"4":{"start":{"line":14,"column":4},"end":{"line":14,"column":null}},"5":{"start":{"line":17,"column":0},"end":{"line":17,"column":30}}},"fnMap":{},"branchMap":{},"s":{"0":0,"1":0,"2":0,"3":0,"4":0,"5":0},"f":{},"b":{}}
,"/home/krishnapriya/Desktop/node_tut_new/src/entity/address.entity.ts": {"path":"/home/krishnapriya/Desktop/node_tut_new/src/entity/address.entity.ts","statementMap":{"0":{"start":{"line":1,"column":0},"end":{"line":1,"column":143}},"1":{"start":{"line":2,"column":0},"end":{"line":2,"column":47}},"2":{"start":{"line":3,"column":0},"end":{"line":3,"column":41}},"3":{"start":{"line":6,"column":0},"end":{"line":16,"column":null}},"4":{"start":{"line":8,"column":4},"end":{"line":8,"column":null}},"5":{"start":{"line":11,"column":4},"end":{"line":11,"column":null}},"6":{"start":{"line":15,"column":4},"end":{"line":15,"column":null}},"7":{"start":{"line":13,"column":20},"end":{"line":13,"column":28}},"8":{"start":{"line":13,"column":44},"end":{"line":13,"column":60}},"9":{"start":{"line":6,"column":6},"end":{"line":16,"column":null}},"10":{"start":{"line":18,"column":0},"end":{"line":18,"column":23}}},"fnMap":{"0":{"name":"(anonymous_3)","decl":{"start":{"line":13,"column":14},"end":{"line":13,"column":17}},"loc":{"start":{"line":13,"column":20},"end":{"line":13,"column":28}}},"1":{"name":"(anonymous_4)","decl":{"start":{"line":13,"column":30},"end":{"line":13,"column":31}},"loc":{"start":{"line":13,"column":44},"end":{"line":13,"column":60}}}},"branchMap":{},"s":{"0":0,"1":0,"2":0,"3":0,"4":0,"5":0,"6":0,"7":0,"8":0,"9":0,"10":0},"f":{"0":0,"1":0},"b":{}}
,"/home/krishnapriya/Desktop/node_tut_new/src/entity/employee.entity.ts": {"path":"/home/krishnapriya/Desktop/node_tut_new/src/entity/employee.entity.ts","statementMap":{"0":{"start":{"line":1,"column":0},"end":{"line":1,"column":129}},"1":{"start":{"line":2,"column":0},"end":{"line":2,"column":47}},"2":{"start":{"line":3,"column":0},"end":{"line":3,"column":39}},"3":{"start":{"line":4,"column":0},"end":{"line":4,"column":40}},"4":{"start":{"line":8,"column":0},"end":{"line":30,"column":null}},"5":{"start":{"line":10,"column":4},"end":{"line":10,"column":null}},"6":{"start":{"line":13,"column":4},"end":{"line":13,"column":null}},"7":{"start":{"line":16,"column":4},"end":{"line":16,"column":null}},"8":{"start":{"line":22,"column":6},"end":{"line":22,"column":null}},"9":{"start":{"line":18,"column":20},"end":{"line":18,"column":27}},"10":{"start":{"line":18,"column":42},"end":{"line":18,"column":58}},"11":{"start":{"line":25,"column":6},"end":{"line":25,"column":null}},"12":{"start":{"line":28,"column":6},"end":{"line":28,"column":null}},"13":{"start":{"line":8,"column":6},"end":{"line":30,"column":null}},"14":{"start":{"line":32,"column":0},"end":{"line":32,"column":24}}},"fnMap":{"0":{"name":"(anonymous_3)","decl":{"start":{"line":18,"column":14},"end":{"line":18,"column":17}},"loc":{"start":{"line":18,"column":20},"end":{"line":18,"column":27}}},"1":{"name":"(anonymous_4)","decl":{"start":{"line":18,"column":29},"end":{"line":18,"column":30}},"loc":{"start":{"line":18,"column":42},"end":{"line":18,"column":58}}}},"branchMap":{},"s":{"0":0,"1":0,"2":0,"3":0,"4":0,"5":0,"6":0,"7":0,"8":0,"9":0,"10":0,"11":0,"12":0,"13":0,"14":0},"f":{"0":0,"1":0},"b":{}}
,"/home/krishnapriya/Desktop/node_tut_new/src/exceptions/http.exceptions.ts": {"path":"/home/krishnapriya/Desktop/node_tut_new/src/exceptions/http.exceptions.ts","statementMap":{"0":{"start":{"line":4,"column":8},"end":{"line":4,"column":23}},"1":{"start":{"line":5,"column":8},"end":{"line":5,"column":29}},"2":{"start":{"line":9,"column":0},"end":{"line":9,"column":29}}},"fnMap":{"0":{"name":"(anonymous_0)","decl":{"start":{"line":3,"column":4},"end":{"line":3,"column":16}},"loc":{"start":{"line":3,"column":47},"end":{"line":6,"column":5}}}},"branchMap":{},"s":{"0":0,"1":0,"2":0},"f":{"0":0},"b":{}}
,"/home/krishnapriya/Desktop/node_tut_new/src/middleware/authorize.middleware.ts": {"path":"/home/krishnapriya/Desktop/node_tut_new/src/middleware/authorize.middleware.ts","statementMap":{"0":{"start":{"line":4,"column":0},"end":{"line":4,"column":48}},"1":{"start":{"line":6,"column":0},"end":{"line":6,"column":40}},"2":{"start":{"line":8,"column":25},"end":{"line":25,"column":null}},"3":{"start":{"line":12,"column":4},"end":{"line":25,"column":null}},"4":{"start":{"line":13,"column":4},"end":{"line":24,"column":5}},"5":{"start":{"line":14,"column":22},"end":{"line":14,"column":52}},"6":{"start":{"line":15,"column":24},"end":{"line":15,"column":63}},"7":{"start":{"line":17,"column":8},"end":{"line":17,"column":48}},"8":{"start":{"line":18,"column":8},"end":{"line":18,"column":50}},"9":{"start":{"line":19,"column":8},"end":{"line":19,"column":48}},"10":{"start":{"line":21,"column":8},"end":{"line":21,"column":22}},"11":{"start":{"line":23,"column":8},"end":{"line":23,"column":27}},"12":{"start":{"line":8,"column":13},"end":{"line":8,"column":25}},"13":{"start":{"line":27,"column":34},"end":{"line":31,"column":1}},"14":{"start":{"line":28,"column":24},"end":{"line":28,"column":51}},"15":{"start":{"line":29,"column":18},"end":{"line":29,"column":69}},"16":{"start":{"line":30,"column":4},"end":{"line":30,"column":17}}},"fnMap":{"0":{"name":"(anonymous_8)","decl":{"start":{"line":8,"column":25},"end":{"line":8,"column":null}},"loc":{"start":{"line":12,"column":4},"end":{"line":25,"column":null}}},"1":{"name":"(anonymous_9)","decl":{"start":{"line":12,"column":4},"end":{"line":12,"column":null}},"loc":{"start":{"line":12,"column":4},"end":{"line":25,"column":1}}},"2":{"name":"(anonymous_10)","decl":{"start":{"line":27,"column":34},"end":{"line":27,"column":35}},"loc":{"start":{"line":27,"column":59},"end":{"line":31,"column":1}}}},"branchMap":{"0":{"loc":{"start":{"line":29,"column":18},"end":{"line":29,"column":69}},"type":"cond-expr","locations":[{"start":{"line":29,"column":32},"end":{"line":29,"column":64}},{"start":{"line":29,"column":67},"end":{"line":29,"column":69}}]}},"s":{"0":0,"1":0,"2":0,"3":0,"4":0,"5":0,"6":0,"7":0,"8":0,"9":0,"10":0,"11":0,"12":0,"13":0,"14":0,"15":0,"16":0},"f":{"0":0,"1":0,"2":0},"b":{"0":[0,0]}}
,"/home/krishnapriya/Desktop/node_tut_new/src/middleware/error.middleware.ts": {"path":"/home/krishnapriya/Desktop/node_tut_new/src/middleware/error.middleware.ts","statementMap":{"0":{"start":{"line":2,"column":0},"end":{"line":2,"column":58}},"1":{"start":{"line":5,"column":24},"end":{"line":24,"column":1}},"2":{"start":{"line":11,"column":4},"end":{"line":23,"column":5}},"3":{"start":{"line":12,"column":8},"end":{"line":20,"column":9}},"4":{"start":{"line":13,"column":35},"end":{"line":13,"column":54}},"5":{"start":{"line":14,"column":36},"end":{"line":14,"column":75}},"6":{"start":{"line":15,"column":27},"end":{"line":15,"column":47}},"7":{"start":{"line":16,"column":12},"end":{"line":16,"column":46}},"8":{"start":{"line":18,"column":12},"end":{"line":18,"column":39}},"9":{"start":{"line":19,"column":12},"end":{"line":19,"column":59}},"10":{"start":{"line":22,"column":8},"end":{"line":22,"column":20}},"11":{"start":{"line":26,"column":0},"end":{"line":26,"column":31}}},"fnMap":{"0":{"name":"(anonymous_1)","decl":{"start":{"line":5,"column":24},"end":{"line":5,"column":null}},"loc":{"start":{"line":10,"column":4},"end":{"line":24,"column":1}}}},"branchMap":{"0":{"loc":{"start":{"line":12,"column":8},"end":{"line":20,"column":9}},"type":"if","locations":[{"start":{"line":12,"column":8},"end":{"line":20,"column":9}},{"start":{"line":17,"column":15},"end":{"line":20,"column":9}}]},"1":{"loc":{"start":{"line":13,"column":35},"end":{"line":13,"column":54}},"type":"binary-expr","locations":[{"start":{"line":13,"column":35},"end":{"line":13,"column":47}},{"start":{"line":13,"column":51},"end":{"line":13,"column":54}}]},"2":{"loc":{"start":{"line":14,"column":36},"end":{"line":14,"column":75}},"type":"binary-expr","locations":[{"start":{"line":14,"column":36},"end":{"line":14,"column":49}},{"start":{"line":14,"column":53},"end":{"line":14,"column":75}}]}},"s":{"0":0,"1":0,"2":0,"3":0,"4":0,"5":0,"6":0,"7":0,"8":0,"9":0,"10":0,"11":0},"f":{"0":0},"b":{"0":[0,0],"1":[0,0],"2":[0,0]}}
,"/home/krishnapriya/Desktop/node_tut_new/src/middleware/loggerMiddleware.ts": {"path":"/home/krishnapriya/Desktop/node_tut_new/src/middleware/loggerMiddleware.ts","statementMap":{"0":{"start":{"line":1,"column":25},"end":{"line":4,"column":1}},"1":{"start":{"line":2,"column":4},"end":{"line":2,"column":74}},"2":{"start":{"line":3,"column":4},"end":{"line":3,"column":11}},"3":{"start":{"line":6,"column":0},"end":{"line":6,"column":32}}},"fnMap":{"0":{"name":"(anonymous_0)","decl":{"start":{"line":1,"column":25},"end":{"line":1,"column":26}},"loc":{"start":{"line":1,"column":43},"end":{"line":4,"column":1}}}},"branchMap":{},"s":{"0":0,"1":0,"2":0,"3":0},"f":{"0":0},"b":{}}
,"/home/krishnapriya/Desktop/node_tut_new/src/repository/employee.repository.ts": {"path":"/home/krishnapriya/Desktop/node_tut_new/src/repository/employee.repository.ts","statementMap":{"0":{"start":{"line":7,"column":22},"end":{"line":7,"column":54}},"1":{"start":{"line":13,"column":4},"end":{"line":13,"column":58}},"2":{"start":{"line":18,"column":4},"end":{"line":18,"column":78}},"3":{"start":{"line":23,"column":4},"end":{"line":23,"column":37}},"4":{"start":{"line":28,"column":4},"end":{"line":28,"column":41}},"5":{"start":{"line":32,"column":4},"end":{"line":32,"column":42}},"6":{"start":{"line":36,"column":0},"end":{"line":36,"column":34}}},"fnMap":{"0":{"name":"(anonymous_7)","decl":{"start":{"line":7,"column":2},"end":{"line":7,"column":22}},"loc":{"start":{"line":7,"column":54},"end":{"line":9,"column":3}}},"1":{"name":"(anonymous_8)","decl":{"start":{"line":11,"column":8},"end":{"line":11,"column":12}},"loc":{"start":{"line":11,"column":12},"end":{"line":14,"column":null}}},"2":{"name":"(anonymous_10)","decl":{"start":{"line":16,"column":8},"end":{"line":16,"column":17}},"loc":{"start":{"line":16,"column":43},"end":{"line":19,"column":null}}},"3":{"name":"(anonymous_12)","decl":{"start":{"line":21,"column":8},"end":{"line":21,"column":12}},"loc":{"start":{"line":21,"column":26},"end":{"line":24,"column":null}}},"4":{"name":"(anonymous_14)","decl":{"start":{"line":26,"column":8},"end":{"line":26,"column":18}},"loc":{"start":{"line":26,"column":29},"end":{"line":29,"column":null}}},"5":{"name":"(anonymous_16)","decl":{"start":{"line":30,"column":8},"end":{"line":30,"column":18}},"loc":{"start":{"line":30,"column":32},"end":{"line":33,"column":null}}}},"branchMap":{},"s":{"0":0,"1":0,"2":0,"3":0,"4":0,"5":0,"6":0},"f":{"0":0,"1":0,"2":0,"3":0,"4":0,"5":0},"b":{}}
,"/home/krishnapriya/Desktop/node_tut_new/src/routes/employee.routes.ts": {"path":"/home/krishnapriya/Desktop/node_tut_new/src/routes/employee.routes.ts","statementMap":{"0":{"start":{"line":4,"column":0},"end":{"line":4,"column":67}},"1":{"start":{"line":5,"column":0},"end":{"line":5,"column":46}},"2":{"start":{"line":6,"column":0},"end":{"line":6,"column":49}},"3":{"start":{"line":7,"column":0},"end":{"line":7,"column":67}},"4":{"start":{"line":8,"column":0},"end":{"line":8,"column":58}},"5":{"start":{"line":11,"column":26},"end":{"line":11,"column":129}},"6":{"start":{"line":12,"column":23},"end":{"line":12,"column":48}},"7":{"start":{"line":14,"column":0},"end":{"line":14,"column":30}}},"fnMap":{},"branchMap":{},"s":{"0":0,"1":0,"2":0,"3":0,"4":0,"5":0,"6":0,"7":0},"f":{},"b":{}}
,"/home/krishnapriya/Desktop/node_tut_new/src/service/employee.service.ts": {"path":"/home/krishnapriya/Desktop/node_tut_new/src/service/employee.service.ts","statementMap":{"0":{"start":{"line":1,"column":0},"end":{"line":1,"column":47}},"1":{"start":{"line":2,"column":0},"end":{"line":2,"column":49}},"2":{"start":{"line":3,"column":0},"end":{"line":3,"column":58}},"3":{"start":{"line":5,"column":0},"end":{"line":5,"column":62}},"4":{"start":{"line":7,"column":0},"end":{"line":7,"column":28}},"5":{"start":{"line":8,"column":0},"end":{"line":8,"column":40}},"6":{"start":{"line":13,"column":24},"end":{"line":13,"column":62}},"7":{"start":{"line":18,"column":25},"end":{"line":18,"column":73}},"8":{"start":{"line":20,"column":8},"end":{"line":22,"column":9}},"9":{"start":{"line":21,"column":12},"end":{"line":21,"column":63}},"10":{"start":{"line":24,"column":23},"end":{"line":24,"column":72}},"11":{"start":{"line":26,"column":8},"end":{"line":28,"column":9}},"12":{"start":{"line":27,"column":12},"end":{"line":27,"column":null}},"13":{"start":{"line":30,"column":36},"end":{"line":34,"column":10}},"14":{"start":{"line":36,"column":21},"end":{"line":36,"column":86}},"15":{"start":{"line":42,"column":8},"end":{"line":42,"column":46}},"16":{"start":{"line":45,"column":8},"end":{"line":45,"column":55}},"17":{"start":{"line":49,"column":28},"end":{"line":49,"column":42}},"18":{"start":{"line":50,"column":8},"end":{"line":50,"column":34}},"19":{"start":{"line":51,"column":8},"end":{"line":51,"column":32}},"20":{"start":{"line":52,"column":8},"end":{"line":52,"column":28}},"21":{"start":{"line":53,"column":8},"end":{"line":53,"column":78}},"22":{"start":{"line":54,"column":8},"end":{"line":54,"column":32}},"23":{"start":{"line":56,"column":27},"end":{"line":56,"column":40}},"24":{"start":{"line":57,"column":8},"end":{"line":57,"column":41}},"25":{"start":{"line":58,"column":8},"end":{"line":58,"column":45}},"26":{"start":{"line":60,"column":8},"end":{"line":60,"column":41}},"27":{"start":{"line":62,"column":8},"end":{"line":62,"column":57}},"28":{"start":{"line":66,"column":25},"end":{"line":66,"column":70}},"29":{"start":{"line":67,"column":8},"end":{"line":67,"column":29}},"30":{"start":{"line":68,"column":8},"end":{"line":68,"column":31}},"31":{"start":{"line":69,"column":8},"end":{"line":69,"column":25}},"32":{"start":{"line":70,"column":8},"end":{"line":70,"column":35}},"33":{"start":{"line":71,"column":8},"end":{"line":71,"column":27}},"34":{"start":{"line":73,"column":27},"end":{"line":73,"column":40}},"35":{"start":{"line":74,"column":8},"end":{"line":74,"column":41}},"36":{"start":{"line":75,"column":8},"end":{"line":75,"column":45}},"37":{"start":{"line":77,"column":8},"end":{"line":77,"column":38}},"38":{"start":{"line":78,"column":8},"end":{"line":78,"column":54}},"39":{"start":{"line":82,"column":25},"end":{"line":82,"column":70}},"40":{"start":{"line":83,"column":8},"end":{"line":83,"column":60}},"41":{"start":{"line":88,"column":0},"end":{"line":88,"column":31}}},"fnMap":{"0":{"name":"(anonymous_8)","decl":{"start":{"line":13,"column":4},"end":{"line":13,"column":24}},"loc":{"start":{"line":13,"column":62},"end":{"line":15,"column":5}}},"1":{"name":"(anonymous_9)","decl":{"start":{"line":17,"column":10},"end":{"line":17,"column":23}},"loc":{"start":{"line":17,"column":55},"end":{"line":39,"column":null}}},"2":{"name":"(anonymous_11)","decl":{"start":{"line":41,"column":10},"end":{"line":41,"column":25}},"loc":{"start":{"line":41,"column":25},"end":{"line":43,"column":null}}},"3":{"name":"(anonymous_13)","decl":{"start":{"line":44,"column":10},"end":{"line":44,"column":25}},"loc":{"start":{"line":44,"column":36},"end":{"line":46,"column":null}}},"4":{"name":"(anonymous_15)","decl":{"start":{"line":48,"column":10},"end":{"line":48,"column":24}},"loc":{"start":{"line":48,"column":109},"end":{"line":63,"column":null}}},"5":{"name":"(anonymous_17)","decl":{"start":{"line":65,"column":10},"end":{"line":65,"column":24}},"loc":{"start":{"line":65,"column":120},"end":{"line":79,"column":null}}},"6":{"name":"(anonymous_19)","decl":{"start":{"line":81,"column":10},"end":{"line":81,"column":24}},"loc":{"start":{"line":81,"column":35},"end":{"line":84,"column":null}}}},"branchMap":{"0":{"loc":{"start":{"line":20,"column":8},"end":{"line":22,"column":9}},"type":"if","locations":[{"start":{"line":20,"column":8},"end":{"line":22,"column":9}}]},"1":{"loc":{"start":{"line":26,"column":8},"end":{"line":28,"column":9}},"type":"if","locations":[{"start":{"line":26,"column":8},"end":{"line":28,"column":9}}]},"2":{"loc":{"start":{"line":53,"column":31},"end":{"line":53,"column":77}},"type":"cond-expr","locations":[{"start":{"line":53,"column":42},"end":{"line":53,"column":73}},{"start":{"line":53,"column":75},"end":{"line":53,"column":77}}]}},"s":{"0":0,"1":0,"2":0,"3":0,"4":0,"5":0,"6":0,"7":0,"8":0,"9":0,"10":0,"11":0,"12":0,"13":0,"14":0,"15":0,"16":0,"17":0,"18":0,"19":0,"20":0,"21":0,"22":0,"23":0,"24":0,"25":0,"26":0,"27":0,"28":0,"29":0,"30":0,"31":0,"32":0,"33":0,"34":0,"35":0,"36":0,"37":0,"38":0,"39":0,"40":0,"41":0},"f":{"0":0,"1":0,"2":0,"3":0,"4":0,"5":0,"6":0},"b":{"0":[0],"1":[0],"2":[0,0]}}
,"/home/krishnapriya/Desktop/node_tut_new/src/utils/constants.ts": {"path":"/home/krishnapriya/Desktop/node_tut_new/src/utils/constants.ts","statementMap":{"0":{"start":{"line":1,"column":13},"end":{"line":1,"column":52}},"1":{"start":{"line":2,"column":13},"end":{"line":2,"column":33}}},"fnMap":{},"branchMap":{},"s":{"0":0,"1":0},"f":{},"b":{}}
,"/home/krishnapriya/Desktop/node_tut_new/src/utils/fizzBuzz.util.ts": {"path":"/home/krishnapriya/Desktop/node_tut_new/src/utils/fizzBuzz.util.ts","statementMap":{"0":{"start":{"line":3,"column":4},"end":{"line":9,"column":5}},"1":{"start":{"line":4,"column":6},"end":{"line":4,"column":24}},"2":{"start":{"line":5,"column":11},"end":{"line":9,"column":5}},"3":{"start":{"line":6,"column":6},"end":{"line":6,"column":20}},"4":{"start":{"line":7,"column":11},"end":{"line":9,"column":5}},"5":{"start":{"line":8,"column":6},"end":{"line":8,"column":20}},"6":{"start":{"line":10,"column":4},"end":{"line":10,"column":15}},"7":{"start":{"line":1,"column":1},"end":{"line":1,"column":22}},"8":{"start":{"line":14,"column":17},"end":{"line":14,"column":31}},"9":{"start":{"line":16,"column":0},"end":{"line":18,"column":1}},"10":{"start":{"line":16,"column":13},"end":{"line":16,"column":14}},"11":{"start":{"line":17,"column":2},"end":{"line":17,"column":36}}},"fnMap":{"0":{"name":"(anonymous_0)","decl":{"start":{"line":2,"column":9},"end":{"line":2,"column":17}},"loc":{"start":{"line":2,"column":29},"end":{"line":11,"column":3}}}},"branchMap":{"0":{"loc":{"start":{"line":3,"column":4},"end":{"line":9,"column":5}},"type":"if","locations":[{"start":{"line":3,"column":4},"end":{"line":9,"column":5}},{"start":{"line":5,"column":11},"end":{"line":9,"column":5}}]},"1":{"loc":{"start":{"line":3,"column":8},"end":{"line":3,"column":36}},"type":"binary-expr","locations":[{"start":{"line":3,"column":8},"end":{"line":3,"column":20}},{"start":{"line":3,"column":24},"end":{"line":3,"column":36}}]},"2":{"loc":{"start":{"line":5,"column":11},"end":{"line":9,"column":5}},"type":"if","locations":[{"start":{"line":5,"column":11},"end":{"line":9,"column":5}},{"start":{"line":7,"column":11},"end":{"line":9,"column":5}}]},"3":{"loc":{"start":{"line":7,"column":11},"end":{"line":9,"column":5}},"type":"if","locations":[{"start":{"line":7,"column":11},"end":{"line":9,"column":5}}]}},"s":{"0":22,"1":2,"2":20,"3":2,"4":18,"5":7,"6":11,"7":1,"8":1,"9":1,"10":1,"11":20},"f":{"0":22},"b":{"0":[2,20],"1":[22,9],"2":[2,18],"3":[7]}}
,"/home/krishnapriya/Desktop/node_tut_new/src/utils/role.enum.ts": {"path":"/home/krishnapriya/Desktop/node_tut_new/src/utils/role.enum.ts","statementMap":{"0":{"start":{"line":1,"column":0},"end":{"line":1,"column":null}},"1":{"start":{"line":2,"column":4},"end":{"line":2,"column":null}},"2":{"start":{"line":3,"column":4},"end":{"line":3,"column":null}},"3":{"start":{"line":4,"column":4},"end":{"line":4,"column":null}},"4":{"start":{"line":5,"column":4},"end":{"line":5,"column":null}}},"fnMap":{"0":{"name":"(anonymous_0)","decl":{"start":{"line":1,"column":0},"end":{"line":1,"column":12}},"loc":{"start":{"line":1,"column":16},"end":{"line":6,"column":1}}}},"branchMap":{"0":{"loc":{"start":{"line":1,"column":12},"end":{"line":1,"column":null}},"type":"binary-expr","locations":[{"start":{"line":1,"column":12},"end":{"line":1,"column":16}},{"start":{"line":1,"column":16},"end":{"line":1,"column":null}}]}},"s":{"0":0,"1":0,"2":0,"3":0,"4":0},"f":{"0":0},"b":{"0":[0,0]}}
}
